0 info it worked if it ends with ok
1 verbose cli [ 'C:\\Program Files\\nodejs\\node.exe',
1 verbose cli   'C:\\Users\\Iulia Mustea\\AppData\\Roaming\\npm\\node_modules\\npm\\bin\\npm-cli.js',
1 verbose cli   'run',
1 verbose cli   'server:dev:nodemon' ]
2 info using npm@3.10.8
3 info using node@v6.9.1
4 verbose run-script [ 'preserver:dev:nodemon',
4 verbose run-script   'server:dev:nodemon',
4 verbose run-script   'postserver:dev:nodemon' ]
5 info lifecycle fluengo-prototype@0.0.1~preserver:dev:nodemon: fluengo-prototype@0.0.1
6 silly lifecycle fluengo-prototype@0.0.1~preserver:dev:nodemon: no script for preserver:dev:nodemon, continuing
7 info lifecycle fluengo-prototype@0.0.1~server:dev:nodemon: fluengo-prototype@0.0.1
8 verbose lifecycle fluengo-prototype@0.0.1~server:dev:nodemon: unsafe-perm in lifecycle true
9 verbose lifecycle fluengo-prototype@0.0.1~server:dev:nodemon: PATH: C:\Users\Iulia Mustea\AppData\Roaming\npm\node_modules\npm\bin\node-gyp-bin;C:\Code\fluengo-prototype\node_modules\.bin;C:\Lang\Python27\;C:\Lang\Python27\Scripts;C:\Lang\Python35-32\Scripts\;C:\Lang\Python35-32\;C:\Windows\system32;C:\Windows;C:\Windows\System32\Wbem;C:\Windows\System32\WindowsPowerShell\v1.0\;C:\Program Files\Git\cmd;C:\Program Files (x86)\PuTTY\;C:\Lang\Go\bin;C:\Tools\Vagrant\bin;C:\Program Files (x86)\Skype\Phone\;C:\Users\Iulia Mustea\.dnx\bin;C:\Program Files\Microsoft DNX\Dnvm\;C:\Program Files (x86)\Windows Kits\8.1\Windows Performance Toolkit\;C:\Program Files\Microsoft SQL Server\130\Tools\Binn\;C:\Program Files (x86)\Microsoft Emulator Manager\1.0\;C:\Program Files (x86)\NVIDIA Corporation\PhysX\Common;C:\ProgramData\chocolatey\bin;C:\Program Files\Java\jdk1.8.0_102\bin;C:\Program Files\nodejs\;C:\Program Files\MySQL\MySQL Utilities 1.6\;C:\Users\Iulia Mustea\AppData\Local\Microsoft\WindowsApps;C:\Program Files (x86)\Microsoft VS Code\bin;C:\Program Files (x86)\Android\android-sdk\tools;C:\Program Files (x86)\Android\android-sdk\platform-tools;C:\Users\Iulia Mustea\AppData\Roaming\npm
10 verbose lifecycle fluengo-prototype@0.0.1~server:dev:nodemon: CWD: C:\Code\fluengo-prototype
11 silly lifecycle fluengo-prototype@0.0.1~server:dev:nodemon: Args: [ '/d /s /c',
11 silly lifecycle   'concurrently "tsc -w -p ./lib" "nodemon ./lib/bin/www" ' ]
12 silly lifecycle fluengo-prototype@0.0.1~server:dev:nodemon: Returned: code: 3221225786  signal: null
13 info lifecycle fluengo-prototype@0.0.1~server:dev:nodemon: Failed to exec server:dev:nodemon script
14 verbose stack Error: fluengo-prototype@0.0.1 server:dev:nodemon: `concurrently "tsc -w -p ./lib" "nodemon ./lib/bin/www" `
14 verbose stack Exit status 3221225786
14 verbose stack     at EventEmitter.<anonymous> (C:\Users\Iulia Mustea\AppData\Roaming\npm\node_modules\npm\lib\utils\lifecycle.js:255:16)
14 verbose stack     at emitTwo (events.js:106:13)
14 verbose stack     at EventEmitter.emit (events.js:191:7)
14 verbose stack     at ChildProcess.<anonymous> (C:\Users\Iulia Mustea\AppData\Roaming\npm\node_modules\npm\lib\utils\spawn.js:40:14)
14 verbose stack     at emitTwo (events.js:106:13)
14 verbose stack     at ChildProcess.emit (events.js:191:7)
14 verbose stack     at maybeClose (internal/child_process.js:877:16)
14 verbose stack     at Process.ChildProcess._handle.onexit (internal/child_process.js:226:5)
15 verbose pkgid fluengo-prototype@0.0.1
16 verbose cwd C:\Code\fluengo-prototype
17 error Windows_NT 10.0.14393
18 error argv "C:\\Program Files\\nodejs\\node.exe" "C:\\Users\\Iulia Mustea\\AppData\\Roaming\\npm\\node_modules\\npm\\bin\\npm-cli.js" "run" "server:dev:nodemon"
19 error node v6.9.1
20 error npm  v3.10.8
21 error code ELIFECYCLE
22 error fluengo-prototype@0.0.1 server:dev:nodemon: `concurrently "tsc -w -p ./lib" "nodemon ./lib/bin/www" `
22 error Exit status 3221225786
23 error Failed at the fluengo-prototype@0.0.1 server:dev:nodemon script 'concurrently "tsc -w -p ./lib" "nodemon ./lib/bin/www" '.
23 error Make sure you have the latest version of node.js and npm installed.
23 error If you do, this is most likely a problem with the fluengo-prototype package,
23 error not with npm itself.
23 error Tell the author that this fails on your system:
23 error     concurrently "tsc -w -p ./lib" "nodemon ./lib/bin/www"
23 error You can get information on how to open an issue for this project with:
23 error     npm bugs fluengo-prototype
23 error Or if that isn't available, you can get their info via:
23 error     npm owner ls fluengo-prototype
23 error There is likely additional logging output above.
24 verbose exit [ 1, true ]
